Сборка начата 22.12.2015 19:18:45.
     1>Проект "C:\Users\Макс\Desktop\lab4_18\lab4_18\lab4_18.vcxproj" в узле 2 (целевые объекты Build).
     1>C:\Program Files\MSBuild\Microsoft.Cpp\v4.0\V120\Microsoft.CppBuild.targets(381,5): warning MSB8028: The intermediate directory (Debug\) contains files shared from another project (lab4_18.vcxproj).  This can lead to incorrect clean and rebuild behavior.
     1>_MASM:
         Assembling Big2sSub.asm...
         cmd.exe /C "C:\Users\Макс\AppData\Local\Temp\tmp4ea583d311314088ac67fcc9c73f7888.cmd"
         ml.exe /c /nologo /Zi /Fo"Debug\Big2sSub.obj" /W3 /errorReport:none  /TaBig2sSub.asm
       ClCompile:
         C:\Program Files\Microsoft Visual Studio 12.0\VC\bin\CL.exe /c /ZI /nologo /W3 /WX- /sdl /Od /Oy- /D WIN32 /D _DEBUG /D _CONSOLE /D _LIB /D _UNICODE /D UNICODE /Gm /EHsc /RTC1 /MDd /GS /fp:precise /Zc:wchar_t /Zc:forScope /FAs /Fa"Debug\\" /Fo"Debug\\" /Fd"Debug\vc120.pdb" /Gd /TC /analyze- /errorReport:prompt main.c
         main.c
     1>c:\users\макс\desktop\lab4_18\lab4_18\main.c(27): warning C4013: srand: нет определения; предполагается "extern" с возвратом типа "int"
     1>c:\users\макс\desktop\lab4_18\lab4_18\main.c(27): warning C4013: time: нет определения; предполагается "extern" с возвратом типа "int"
     1>c:\users\макс\desktop\lab4_18\lab4_18\main.c(44): warning C4013: getch: нет определения; предполагается "extern" с возвратом типа "int"
       Link:
         C:\Program Files\Microsoft Visual Studio 12.0\VC\bin\link.exe /ERRORREPORT:PROMPT /OUT:"C:\Users\Макс\Desktop\lab4_18\Debug\lab4_5.exe" /INCREMENTAL /NOLOGO kernel32.lib user32.lib gdi32.lib winspool.lib comdlg32.lib advapi32.lib shell32.lib ole32.lib oleaut32.lib uuid.lib odbc32.lib odbccp32.lib /MANIFEST /MANIFESTUAC:"level='asInvoker' uiAccess='false'" /manifest:embed /DEBUG /PDB:"C:\Users\Макс\Desktop\lab4_18\Debug\lab4_5.pdb" /SUBSYSTEM:CONSOLE /TLBID:1 /DYNAMICBASE /NXCOMPAT /IMPLIB:"C:\Users\Макс\Desktop\lab4_18\Debug\lab4_5.lib" /MACHINE:X86 Debug\main.obj
         Debug\Big2sSub.obj
         lab4_18.vcxproj -> C:\Users\Макс\Desktop\lab4_18\Debug\lab4_5.exe
     1>Сборка проекта "C:\Users\Макс\Desktop\lab4_18\lab4_18\lab4_18.vcxproj" завершена (целевые объекты Build).

Сборка успешно завершена.

Затраченное время: 00:00:02.61
